{
  "/Users/home/Projects/demo-shop-react-ui/libs/shared/src/index.ts": {
    "path": "/Users/home/Projects/demo-shop-react-ui/libs/shared/src/index.ts",
    "all": true,
    "statementMap": { "0": { "start": { "line": 1, "column": 0 }, "end": { "line": 1, "column": 43 } } },
    "s": { "0": 0 },
    "branchMap": {
      "0": {
        "type": "branch",
        "line": 1,
        "loc": { "start": { "line": 1, "column": 0 }, "end": { "line": 1, "column": 43 } },
        "locations": [{ "start": { "line": 1, "column": 0 }, "end": { "line": 1, "column": 43 } }]
      }
    },
    "b": { "0": [0] },
    "fnMap": {
      "0": {
        "name": "(empty-report)",
        "decl": { "start": { "line": 1, "column": 0 }, "end": { "line": 1, "column": 43 } },
        "loc": { "start": { "line": 1, "column": 0 }, "end": { "line": 1, "column": 43 } },
        "line": 1
      }
    },
    "f": { "0": 0 }
  },
  "/Users/home/Projects/demo-shop-react-ui/libs/shared/src/lib/utils/FormatCurrency.ts": {
    "path": "/Users/home/Projects/demo-shop-react-ui/libs/shared/src/lib/utils/FormatCurrency.ts",
    "all": true,
    "statementMap": {
      "0": { "start": { "line": 1, "column": 0 }, "end": { "line": 1, "column": 86 } },
      "1": { "start": { "line": 2, "column": 0 }, "end": { "line": 2, "column": 40 } },
      "2": { "start": { "line": 3, "column": 0 }, "end": { "line": 3, "column": 22 } },
      "3": { "start": { "line": 4, "column": 0 }, "end": { "line": 4, "column": 23 } },
      "4": { "start": { "line": 5, "column": 0 }, "end": { "line": 5, "column": 19 } },
      "5": { "start": { "line": 6, "column": 0 }, "end": { "line": 6, "column": 2 } }
    },
    "s": { "0": 0, "1": 0, "2": 0, "3": 0, "4": 0, "5": 0 },
    "branchMap": {
      "0": {
        "type": "branch",
        "line": 1,
        "loc": { "start": { "line": 1, "column": 197 }, "end": { "line": 6, "column": 2 } },
        "locations": [{ "start": { "line": 1, "column": 197 }, "end": { "line": 6, "column": 2 } }]
      }
    },
    "b": { "0": [0] },
    "fnMap": {
      "0": {
        "name": "(empty-report)",
        "decl": { "start": { "line": 1, "column": 197 }, "end": { "line": 6, "column": 2 } },
        "loc": { "start": { "line": 1, "column": 197 }, "end": { "line": 6, "column": 2 } },
        "line": 1
      }
    },
    "f": { "0": 0 }
  }
}
