{
  "/Users/home/Projects/demo-shop-react-ui/libs/product/src/index.ts": {
    "path": "/Users/home/Projects/demo-shop-react-ui/libs/product/src/index.ts",
    "all": true,
    "statementMap": {
      "0": { "start": { "line": 1, "column": 0 }, "end": { "line": 1, "column": 57 } },
      "1": { "start": { "line": 2, "column": 0 }, "end": { "line": 2, "column": 61 } }
    },
    "s": { "0": 0, "1": 0 },
    "branchMap": {
      "0": {
        "type": "branch",
        "line": 1,
        "loc": { "start": { "line": 1, "column": 0 }, "end": { "line": 2, "column": -1 } },
        "locations": [{ "start": { "line": 1, "column": 0 }, "end": { "line": 2, "column": -1 } }]
      }
    },
    "b": { "0": [0] },
    "fnMap": {
      "0": {
        "name": "(empty-report)",
        "decl": { "start": { "line": 1, "column": 0 }, "end": { "line": 2, "column": -1 } },
        "loc": { "start": { "line": 1, "column": 0 }, "end": { "line": 2, "column": -1 } },
        "line": 1
      }
    },
    "f": { "0": 0 }
  },
  "/Users/home/Projects/demo-shop-react-ui/libs/product/src/lib/+state/ProductStore.ts": {
    "path": "/Users/home/Projects/demo-shop-react-ui/libs/product/src/lib/+state/ProductStore.ts",
    "all": false,
    "statementMap": {
      "0": { "start": { "line": 1, "column": 0 }, "end": { "line": 1, "column": 33 } },
      "1": { "start": { "line": 2, "column": 0 }, "end": { "line": 2, "column": 85 } },
      "11": { "start": { "line": 12, "column": 0 }, "end": { "line": 12, "column": 64 } },
      "13": { "start": { "line": 14, "column": 0 }, "end": { "line": 14, "column": 70 } },
      "14": { "start": { "line": 15, "column": 0 }, "end": { "line": 15, "column": 15 } },
      "16": { "start": { "line": 17, "column": 0 }, "end": { "line": 17, "column": 30 } },
      "17": { "start": { "line": 18, "column": 0 }, "end": { "line": 18, "column": 43 } },
      "18": { "start": { "line": 19, "column": 0 }, "end": { "line": 19, "column": 33 } },
      "19": { "start": { "line": 20, "column": 0 }, "end": { "line": 20, "column": 4 } },
      "21": { "start": { "line": 22, "column": 0 }, "end": { "line": 22, "column": 43 } },
      "22": { "start": { "line": 23, "column": 0 }, "end": { "line": 23, "column": 53 } },
      "23": { "start": { "line": 24, "column": 0 }, "end": { "line": 24, "column": 63 } },
      "24": { "start": { "line": 25, "column": 0 }, "end": { "line": 25, "column": 4 } },
      "26": { "start": { "line": 27, "column": 0 }, "end": { "line": 27, "column": 25 } },
      "27": { "start": { "line": 28, "column": 0 }, "end": { "line": 28, "column": 61 } },
      "28": { "start": { "line": 29, "column": 0 }, "end": { "line": 29, "column": 4 } },
      "29": { "start": { "line": 30, "column": 0 }, "end": { "line": 30, "column": 4 } }
    },
    "s": {
      "0": 1,
      "1": 1,
      "11": 1,
      "13": 1,
      "14": 1,
      "16": 1,
      "17": 2,
      "18": 1,
      "19": 2,
      "21": 1,
      "22": 3,
      "23": 2,
      "24": 3,
      "26": 1,
      "27": 2,
      "28": 2,
      "29": 1
    },
    "branchMap": {
      "0": {
        "type": "branch",
        "line": 14,
        "loc": { "start": { "line": 14, "column": 54 }, "end": { "line": 30, "column": 2 } },
        "locations": [{ "start": { "line": 14, "column": 54 }, "end": { "line": 30, "column": 2 } }]
      },
      "1": {
        "type": "branch",
        "line": 17,
        "loc": { "start": { "line": 17, "column": 17 }, "end": { "line": 20, "column": 4 } },
        "locations": [{ "start": { "line": 17, "column": 17 }, "end": { "line": 20, "column": 4 } }]
      },
      "2": {
        "type": "branch",
        "line": 18,
        "loc": { "start": { "line": 18, "column": 41 }, "end": { "line": 19, "column": 33 } },
        "locations": [{ "start": { "line": 18, "column": 41 }, "end": { "line": 19, "column": 33 } }]
      },
      "3": {
        "type": "branch",
        "line": 22,
        "loc": { "start": { "line": 22, "column": 20 }, "end": { "line": 25, "column": 4 } },
        "locations": [{ "start": { "line": 22, "column": 20 }, "end": { "line": 25, "column": 4 } }]
      },
      "4": {
        "type": "branch",
        "line": 23,
        "loc": { "start": { "line": 23, "column": 51 }, "end": { "line": 24, "column": 63 } },
        "locations": [{ "start": { "line": 23, "column": 51 }, "end": { "line": 24, "column": 63 } }]
      },
      "5": {
        "type": "branch",
        "line": 24,
        "loc": { "start": { "line": 24, "column": 8 }, "end": { "line": 24, "column": 61 } },
        "locations": [{ "start": { "line": 24, "column": 8 }, "end": { "line": 24, "column": 61 } }]
      },
      "6": {
        "type": "branch",
        "line": 27,
        "loc": { "start": { "line": 27, "column": 18 }, "end": { "line": 29, "column": 4 } },
        "locations": [{ "start": { "line": 27, "column": 18 }, "end": { "line": 29, "column": 4 } }]
      },
      "7": {
        "type": "branch",
        "line": 28,
        "loc": { "start": { "line": 28, "column": 31 }, "end": { "line": 28, "column": 59 } },
        "locations": [{ "start": { "line": 28, "column": 31 }, "end": { "line": 28, "column": 59 } }]
      }
    },
    "b": { "0": [1], "1": [2], "2": [1], "3": [3], "4": [2], "5": [2], "6": [2], "7": [3] },
    "fnMap": {
      "0": {
        "name": "fetchProducts",
        "decl": { "start": { "line": 17, "column": 17 }, "end": { "line": 20, "column": 4 } },
        "loc": { "start": { "line": 17, "column": 17 }, "end": { "line": 20, "column": 4 } },
        "line": 17
      },
      "1": {
        "name": "fetchProductById",
        "decl": { "start": { "line": 22, "column": 20 }, "end": { "line": 25, "column": 4 } },
        "loc": { "start": { "line": 22, "column": 20 }, "end": { "line": 25, "column": 4 } },
        "line": 22
      },
      "2": {
        "name": "getProductById",
        "decl": { "start": { "line": 27, "column": 18 }, "end": { "line": 29, "column": 4 } },
        "loc": { "start": { "line": 27, "column": 18 }, "end": { "line": 29, "column": 4 } },
        "line": 27
      }
    },
    "f": { "0": 2, "1": 3, "2": 2 }
  },
  "/Users/home/Projects/demo-shop-react-ui/libs/product/src/lib/components/ProductDetail/ProductDetail.tsx": {
    "path": "/Users/home/Projects/demo-shop-react-ui/libs/product/src/lib/components/ProductDetail/ProductDetail.tsx",
    "all": false,
    "statementMap": {
      "0": { "start": { "line": 1, "column": 0 }, "end": { "line": 1, "column": 60 } },
      "1": { "start": { "line": 2, "column": 0 }, "end": { "line": 2, "column": 60 } },
      "2": { "start": { "line": 3, "column": 0 }, "end": { "line": 3, "column": 34 } },
      "3": { "start": { "line": 4, "column": 0 }, "end": { "line": 4, "column": 41 } },
      "5": { "start": { "line": 6, "column": 0 }, "end": { "line": 6, "column": 33 } },
      "6": { "start": { "line": 7, "column": 0 }, "end": { "line": 7, "column": 29 } },
      "7": { "start": { "line": 8, "column": 0 }, "end": { "line": 8, "column": 65 } },
      "9": { "start": { "line": 10, "column": 0 }, "end": { "line": 10, "column": 19 } },
      "10": { "start": { "line": 11, "column": 0 }, "end": { "line": 11, "column": 13 } },
      "11": { "start": { "line": 12, "column": 0 }, "end": { "line": 12, "column": 28 } },
      "12": { "start": { "line": 13, "column": 0 }, "end": { "line": 13, "column": 5 } },
      "13": { "start": { "line": 14, "column": 0 }, "end": { "line": 14, "column": 25 } },
      "15": { "start": { "line": 16, "column": 0 }, "end": { "line": 16, "column": 12 } },
      "16": { "start": { "line": 17, "column": 0 }, "end": { "line": 17, "column": 44 } },
      "17": { "start": { "line": 18, "column": 0 }, "end": { "line": 18, "column": 3 } },
      "19": { "start": { "line": 20, "column": 0 }, "end": { "line": 20, "column": 33 } },
      "20": { "start": { "line": 21, "column": 0 }, "end": { "line": 21, "column": 38 } },
      "22": { "start": { "line": 23, "column": 0 }, "end": { "line": 23, "column": 34 } },
      "23": { "start": { "line": 24, "column": 0 }, "end": { "line": 24, "column": 39 } },
      "24": { "start": { "line": 25, "column": 0 }, "end": { "line": 25, "column": 3 } },
      "26": { "start": { "line": 27, "column": 0 }, "end": { "line": 27, "column": 17 } },
      "27": { "start": { "line": 28, "column": 0 }, "end": { "line": 28, "column": 33 } },
      "28": { "start": { "line": 29, "column": 0 }, "end": { "line": 29, "column": 3 } },
      "30": { "start": { "line": 31, "column": 0 }, "end": { "line": 31, "column": 10 } },
      "31": { "start": { "line": 32, "column": 0 }, "end": { "line": 32, "column": 41 } },
      "32": { "start": { "line": 33, "column": 0 }, "end": { "line": 33, "column": 109 } },
      "33": { "start": { "line": 34, "column": 0 }, "end": { "line": 34, "column": 86 } },
      "34": { "start": { "line": 35, "column": 0 }, "end": { "line": 35, "column": 14 } },
      "35": { "start": { "line": 36, "column": 0 }, "end": { "line": 36, "column": 45 } },
      "36": { "start": { "line": 37, "column": 0 }, "end": { "line": 37, "column": 30 } },
      "37": { "start": { "line": 38, "column": 0 }, "end": { "line": 38, "column": 27 } },
      "38": { "start": { "line": 39, "column": 0 }, "end": { "line": 39, "column": 67 } },
      "39": { "start": { "line": 40, "column": 0 }, "end": { "line": 40, "column": 14 } },
      "40": { "start": { "line": 41, "column": 0 }, "end": { "line": 41, "column": 87 } },
      "41": { "start": { "line": 42, "column": 0 }, "end": { "line": 42, "column": 12 } },
      "42": { "start": { "line": 43, "column": 0 }, "end": { "line": 43, "column": 14 } },
      "43": { "start": { "line": 44, "column": 0 }, "end": { "line": 44, "column": 12 } },
      "45": { "start": { "line": 46, "column": 0 }, "end": { "line": 46, "column": 168 } },
      "46": { "start": { "line": 47, "column": 0 }, "end": { "line": 47, "column": 78 } },
      "47": { "start": { "line": 48, "column": 0 }, "end": { "line": 48, "column": 105 } },
      "48": { "start": { "line": 49, "column": 0 }, "end": { "line": 49, "column": 14 } },
      "50": { "start": { "line": 51, "column": 0 }, "end": { "line": 51, "column": 52 } },
      "51": { "start": { "line": 52, "column": 0 }, "end": { "line": 52, "column": 58 } },
      "52": { "start": { "line": 53, "column": 0 }, "end": { "line": 53, "column": 98 } },
      "54": { "start": { "line": 55, "column": 0 }, "end": { "line": 55, "column": 17 } },
      "55": { "start": { "line": 56, "column": 0 }, "end": { "line": 56, "column": 48 } },
      "56": { "start": { "line": 57, "column": 0 }, "end": { "line": 57, "column": 40 } },
      "57": { "start": { "line": 58, "column": 0 }, "end": { "line": 58, "column": 146 } },
      "59": { "start": { "line": 60, "column": 0 }, "end": { "line": 60, "column": 20 } },
      "60": { "start": { "line": 61, "column": 0 }, "end": { "line": 61, "column": 128 } },
      "61": { "start": { "line": 62, "column": 0 }, "end": { "line": 62, "column": 55 } },
      "62": { "start": { "line": 63, "column": 0 }, "end": { "line": 63, "column": 6 } },
      "64": { "start": { "line": 65, "column": 0 }, "end": { "line": 65, "column": 19 } },
      "65": { "start": { "line": 66, "column": 0 }, "end": { "line": 66, "column": 14 } },
      "67": { "start": { "line": 68, "column": 0 }, "end": { "line": 68, "column": 116 } },
      "68": { "start": { "line": 69, "column": 0 }, "end": { "line": 69, "column": 96 } },
      "69": { "start": { "line": 70, "column": 0 }, "end": { "line": 70, "column": 14 } },
      "70": { "start": { "line": 71, "column": 0 }, "end": { "line": 71, "column": 12 } },
      "71": { "start": { "line": 72, "column": 0 }, "end": { "line": 72, "column": 10 } },
      "73": { "start": { "line": 74, "column": 0 }, "end": { "line": 74, "column": 1 } },
      "75": { "start": { "line": 76, "column": 0 }, "end": { "line": 76, "column": 29 } }
    },
    "s": {
      "0": 1,
      "1": 1,
      "2": 1,
      "3": 1,
      "5": 1,
      "6": 5,
      "7": 5,
      "9": 5,
      "10": 5,
      "11": 5,
      "12": 5,
      "13": 5,
      "15": 5,
      "16": 0,
      "17": 0,
      "19": 5,
      "20": 5,
      "22": 5,
      "23": 0,
      "24": 0,
      "26": 5,
      "27": 2,
      "28": 2,
      "30": 3,
      "31": 3,
      "32": 3,
      "33": 3,
      "34": 3,
      "35": 5,
      "36": 5,
      "37": 5,
      "38": 1,
      "39": 1,
      "40": 5,
      "41": 5,
      "42": 5,
      "43": 5,
      "45": 5,
      "46": 5,
      "47": 5,
      "48": 5,
      "50": 5,
      "51": 5,
      "52": 5,
      "54": 5,
      "55": 5,
      "56": 5,
      "57": 5,
      "59": 5,
      "60": 0,
      "61": 3,
      "62": 5,
      "64": 5,
      "65": 5,
      "67": 5,
      "68": 5,
      "69": 5,
      "70": 5,
      "71": 5,
      "73": 5,
      "75": 1
    },
    "branchMap": {
      "0": {
        "type": "branch",
        "line": 6,
        "loc": { "start": { "line": 6, "column": 7 }, "end": { "line": 74, "column": 1 } },
        "locations": [{ "start": { "line": 6, "column": 7 }, "end": { "line": 74, "column": 1 } }]
      },
      "1": {
        "type": "branch",
        "line": 16,
        "loc": { "start": { "line": 16, "column": 11 }, "end": { "line": 18, "column": 3 } },
        "locations": [{ "start": { "line": 16, "column": 11 }, "end": { "line": 18, "column": 3 } }]
      },
      "2": {
        "type": "branch",
        "line": 27,
        "loc": { "start": { "line": 27, "column": 16 }, "end": { "line": 29, "column": 3 } },
        "locations": [{ "start": { "line": 27, "column": 16 }, "end": { "line": 29, "column": 3 } }]
      },
      "3": {
        "type": "branch",
        "line": 29,
        "loc": { "start": { "line": 29, "column": 2 }, "end": { "line": 36, "column": 42 } },
        "locations": [{ "start": { "line": 29, "column": 2 }, "end": { "line": 36, "column": 42 } }]
      },
      "4": {
        "type": "branch",
        "line": 36,
        "loc": { "start": { "line": 36, "column": 35 }, "end": { "line": 36, "column": 45 } },
        "locations": [{ "start": { "line": 36, "column": 35 }, "end": { "line": 36, "column": 45 } }]
      },
      "5": {
        "type": "branch",
        "line": 60,
        "loc": { "start": { "line": 60, "column": 4 }, "end": { "line": 61, "column": 128 } },
        "locations": [{ "start": { "line": 60, "column": 4 }, "end": { "line": 61, "column": 128 } }]
      },
      "6": {
        "type": "branch",
        "line": 61,
        "loc": { "start": { "line": 61, "column": 8 }, "end": { "line": 62, "column": 55 } },
        "locations": [{ "start": { "line": 61, "column": 8 }, "end": { "line": 62, "column": 55 } }]
      },
      "7": {
        "type": "branch",
        "line": 10,
        "loc": { "start": { "line": 10, "column": 12 }, "end": { "line": 14, "column": 5 } },
        "locations": [{ "start": { "line": 10, "column": 12 }, "end": { "line": 14, "column": 5 } }]
      },
      "8": {
        "type": "branch",
        "line": 38,
        "loc": { "start": { "line": 38, "column": 21 }, "end": { "line": 40, "column": 14 } },
        "locations": [{ "start": { "line": 38, "column": 21 }, "end": { "line": 40, "column": 14 } }]
      }
    },
    "b": { "0": [5], "1": [0], "2": [2], "3": [3], "4": [0], "5": [0], "6": [3], "7": [5], "8": [1] },
    "fnMap": {
      "0": {
        "name": "ProductDetail",
        "decl": { "start": { "line": 6, "column": 7 }, "end": { "line": 74, "column": 1 } },
        "loc": { "start": { "line": 6, "column": 7 }, "end": { "line": 74, "column": 1 } },
        "line": 6
      },
      "1": {
        "name": "addToCart",
        "decl": { "start": { "line": 23, "column": 2 }, "end": { "line": 25, "column": 3 } },
        "loc": { "start": { "line": 23, "column": 2 }, "end": { "line": 25, "column": 3 } },
        "line": 23
      },
      "2": {
        "name": "onError",
        "decl": { "start": { "line": 38, "column": 21 }, "end": { "line": 40, "column": 14 } },
        "loc": { "start": { "line": 38, "column": 21 }, "end": { "line": 40, "column": 14 } },
        "line": 38
      },
      "3": {
        "name": "onClick",
        "decl": { "start": { "line": 56, "column": 21 }, "end": { "line": 56, "column": 48 } },
        "loc": { "start": { "line": 56, "column": 21 }, "end": { "line": 56, "column": 48 } },
        "line": 56
      }
    },
    "f": { "0": 5, "1": 0, "2": 1, "3": 0 }
  },
  "/Users/home/Projects/demo-shop-react-ui/libs/product/src/lib/components/ProductList/ProductCard.tsx": {
    "path": "/Users/home/Projects/demo-shop-react-ui/libs/product/src/lib/components/ProductList/ProductCard.tsx",
    "all": false,
    "statementMap": {
      "0": { "start": { "line": 1, "column": 0 }, "end": { "line": 1, "column": 60 } },
      "1": { "start": { "line": 2, "column": 0 }, "end": { "line": 2, "column": 36 } },
      "3": { "start": { "line": 4, "column": 0 }, "end": { "line": 4, "column": 60 } },
      "4": { "start": { "line": 5, "column": 0 }, "end": { "line": 5, "column": 10 } },
      "5": { "start": { "line": 6, "column": 0 }, "end": { "line": 6, "column": 89 } },
      "6": { "start": { "line": 7, "column": 0 }, "end": { "line": 7, "column": 119 } },
      "7": { "start": { "line": 8, "column": 0 }, "end": { "line": 8, "column": 12 } },
      "8": { "start": { "line": 9, "column": 0 }, "end": { "line": 9, "column": 71 } },
      "9": { "start": { "line": 10, "column": 0 }, "end": { "line": 10, "column": 28 } },
      "10": { "start": { "line": 11, "column": 0 }, "end": { "line": 11, "column": 25 } },
      "11": { "start": { "line": 12, "column": 0 }, "end": { "line": 12, "column": 65 } },
      "12": { "start": { "line": 13, "column": 0 }, "end": { "line": 13, "column": 12 } },
      "13": { "start": { "line": 14, "column": 0 }, "end": { "line": 14, "column": 85 } },
      "14": { "start": { "line": 15, "column": 0 }, "end": { "line": 15, "column": 10 } },
      "15": { "start": { "line": 16, "column": 0 }, "end": { "line": 16, "column": 12 } },
      "16": { "start": { "line": 17, "column": 0 }, "end": { "line": 17, "column": 68 } },
      "17": { "start": { "line": 18, "column": 0 }, "end": { "line": 18, "column": 95 } },
      "18": { "start": { "line": 19, "column": 0 }, "end": { "line": 19, "column": 11 } },
      "20": { "start": { "line": 21, "column": 0 }, "end": { "line": 21, "column": 1 } },
      "22": { "start": { "line": 23, "column": 0 }, "end": { "line": 23, "column": 27 } }
    },
    "s": {
      "0": 1,
      "1": 1,
      "3": 1,
      "4": 5,
      "5": 5,
      "6": 5,
      "7": 5,
      "8": 5,
      "9": 5,
      "10": 5,
      "11": 0,
      "12": 0,
      "13": 5,
      "14": 5,
      "15": 5,
      "16": 5,
      "17": 5,
      "18": 5,
      "20": 5,
      "22": 1
    },
    "branchMap": {
      "0": {
        "type": "branch",
        "line": 4,
        "loc": { "start": { "line": 4, "column": 7 }, "end": { "line": 21, "column": 1 } },
        "locations": [{ "start": { "line": 4, "column": 7 }, "end": { "line": 21, "column": 1 } }]
      },
      "1": {
        "type": "branch",
        "line": 9,
        "loc": { "start": { "line": 9, "column": 33 }, "end": { "line": 9, "column": 71 } },
        "locations": [{ "start": { "line": 9, "column": 33 }, "end": { "line": 9, "column": 71 } }]
      }
    },
    "b": { "0": [5], "1": [0] },
    "fnMap": {
      "0": {
        "name": "ProductCard",
        "decl": { "start": { "line": 4, "column": 7 }, "end": { "line": 21, "column": 1 } },
        "loc": { "start": { "line": 4, "column": 7 }, "end": { "line": 21, "column": 1 } },
        "line": 4
      },
      "1": {
        "name": "onError",
        "decl": { "start": { "line": 11, "column": 19 }, "end": { "line": 13, "column": 12 } },
        "loc": { "start": { "line": 11, "column": 19 }, "end": { "line": 13, "column": 12 } },
        "line": 11
      }
    },
    "f": { "0": 5, "1": 0 }
  },
  "/Users/home/Projects/demo-shop-react-ui/libs/product/src/lib/components/ProductList/ProductList.tsx": {
    "path": "/Users/home/Projects/demo-shop-react-ui/libs/product/src/lib/components/ProductList/ProductList.tsx",
    "all": false,
    "statementMap": {
      "0": { "start": { "line": 1, "column": 0 }, "end": { "line": 1, "column": 34 } },
      "1": { "start": { "line": 2, "column": 0 }, "end": { "line": 2, "column": 40 } },
      "2": { "start": { "line": 3, "column": 0 }, "end": { "line": 3, "column": 60 } },
      "4": { "start": { "line": 5, "column": 0 }, "end": { "line": 5, "column": 31 } },
      "5": { "start": { "line": 6, "column": 0 }, "end": { "line": 6, "column": 56 } },
      "7": { "start": { "line": 8, "column": 0 }, "end": { "line": 8, "column": 19 } },
      "8": { "start": { "line": 9, "column": 0 }, "end": { "line": 9, "column": 20 } },
      "9": { "start": { "line": 10, "column": 0 }, "end": { "line": 10, "column": 22 } },
      "11": { "start": { "line": 12, "column": 0 }, "end": { "line": 12, "column": 10 } },
      "12": { "start": { "line": 13, "column": 0 }, "end": { "line": 13, "column": 30 } },
      "13": { "start": { "line": 14, "column": 0 }, "end": { "line": 14, "column": 90 } },
      "14": { "start": { "line": 15, "column": 0 }, "end": { "line": 15, "column": 45 } },
      "16": { "start": { "line": 17, "column": 0 }, "end": { "line": 17, "column": 115 } },
      "17": { "start": { "line": 18, "column": 0 }, "end": { "line": 18, "column": 36 } },
      "18": { "start": { "line": 19, "column": 0 }, "end": { "line": 19, "column": 62 } },
      "19": { "start": { "line": 20, "column": 0 }, "end": { "line": 20, "column": 13 } },
      "20": { "start": { "line": 21, "column": 0 }, "end": { "line": 21, "column": 14 } },
      "21": { "start": { "line": 22, "column": 0 }, "end": { "line": 22, "column": 12 } },
      "22": { "start": { "line": 23, "column": 0 }, "end": { "line": 23, "column": 10 } },
      "24": { "start": { "line": 25, "column": 0 }, "end": { "line": 25, "column": 1 } },
      "26": { "start": { "line": 27, "column": 0 }, "end": { "line": 27, "column": 27 } }
    },
    "s": {
      "0": 1,
      "1": 1,
      "2": 1,
      "4": 1,
      "5": 3,
      "7": 3,
      "8": 3,
      "9": 3,
      "11": 3,
      "12": 3,
      "13": 3,
      "14": 3,
      "16": 3,
      "17": 3,
      "18": 4,
      "19": 3,
      "20": 3,
      "21": 3,
      "22": 3,
      "24": 3,
      "26": 1
    },
    "branchMap": {
      "0": {
        "type": "branch",
        "line": 5,
        "loc": { "start": { "line": 5, "column": 7 }, "end": { "line": 25, "column": 1 } },
        "locations": [{ "start": { "line": 5, "column": 7 }, "end": { "line": 25, "column": 1 } }]
      },
      "1": {
        "type": "branch",
        "line": 8,
        "loc": { "start": { "line": 8, "column": 12 }, "end": { "line": 10, "column": 5 } },
        "locations": [{ "start": { "line": 8, "column": 12 }, "end": { "line": 10, "column": 5 } }]
      },
      "2": {
        "type": "branch",
        "line": 18,
        "loc": { "start": { "line": 18, "column": 24 }, "end": { "line": 19, "column": 62 } },
        "locations": [{ "start": { "line": 18, "column": 24 }, "end": { "line": 19, "column": 62 } }]
      }
    },
    "b": { "0": [3], "1": [3], "2": [4] },
    "fnMap": {
      "0": {
        "name": "ProductList",
        "decl": { "start": { "line": 5, "column": 7 }, "end": { "line": 25, "column": 1 } },
        "loc": { "start": { "line": 5, "column": 7 }, "end": { "line": 25, "column": 1 } },
        "line": 5
      }
    },
    "f": { "0": 3 }
  }
}
